c:\users\jincooz\documents\repos\labs\labsoop\lab3\lab3\x64\debug\vc142.pdb
c:\users\jincooz\documents\repos\labs\labsoop\lab3\lab3\x64\debug\vc142.idb
c:\users\jincooz\documents\repos\labs\labsoop\lab3\lab3\x64\debug\trupe.obj
c:\users\jincooz\documents\repos\labs\labsoop\lab3\lab3\x64\debug\repertoire.obj
c:\users\jincooz\documents\repos\labs\labsoop\lab3\lab3\x64\debug\performance.obj
c:\users\jincooz\documents\repos\labs\labsoop\lab3\lab3\x64\debug\lab3.obj
c:\users\jincooz\documents\repos\labs\labsoop\lab3\lab3\x64\debug\date.obj
c:\users\jincooz\documents\repos\labs\labsoop\lab3\lab3\x64\debug\apartment.obj
c:\users\jincooz\documents\repos\labs\labsoop\lab3\x64\debug\lab3.pdb
c:\users\jincooz\documents\repos\labs\labsoop\lab3\lab3\x64\debug\lab3.tlog\cl.command.1.tlog
c:\users\jincooz\documents\repos\labs\labsoop\lab3\lab3\x64\debug\lab3.tlog\cl.read.1.tlog
c:\users\jincooz\documents\repos\labs\labsoop\lab3\lab3\x64\debug\lab3.tlog\cl.write.1.tlog
c:\users\jincooz\documents\repos\labs\labsoop\lab3\lab3\x64\debug\lab3.tlog\link.11360-cvtres.read.1.tlog
c:\users\jincooz\documents\repos\labs\labsoop\lab3\lab3\x64\debug\lab3.tlog\link.11360-cvtres.write.1.tlog
c:\users\jincooz\documents\repos\labs\labsoop\lab3\lab3\x64\debug\lab3.tlog\link.11360-rc.read.1.tlog
c:\users\jincooz\documents\repos\labs\labsoop\lab3\lab3\x64\debug\lab3.tlog\link.11360-rc.write.1.tlog
c:\users\jincooz\documents\repos\labs\labsoop\lab3\lab3\x64\debug\lab3.tlog\link.11360.read.1.tlog
c:\users\jincooz\documents\repos\labs\labsoop\lab3\lab3\x64\debug\lab3.tlog\link.11360.write.1.tlog
c:\users\jincooz\documents\repos\labs\labsoop\lab3\lab3\x64\debug\lab3.tlog\link.command.1.tlog
c:\users\jincooz\documents\repos\labs\labsoop\lab3\lab3\x64\debug\lab3.tlog\link.read.1.tlog
c:\users\jincooz\documents\repos\labs\labsoop\lab3\lab3\x64\debug\lab3.tlog\link.write.1.tlog
